Performing C++ SOURCE FILE Test CMAKE_HAVE_LIBC_PTHREAD failed with the following output:
Change Dir: /users/ishaqmem/cuda-matmul/build/CMakeFiles/CMakeTmp

Run Build Command(s):/usr/bin/gmake -f Makefile cmTC_aec76/fast && /usr/bin/gmake  -f CMakeFiles/cmTC_aec76.dir/build.make CMakeFiles/cmTC_aec76.dir/build
gmake[1]: Entering directory '/users/ishaqmem/cuda-matmul/build/CMakeFiles/CMakeTmp'
Building CXX object CMakeFiles/cmTC_aec76.dir/src.cxx.o
/appl/spack/v018/install-tree/gcc-8.5.0/gcc-11.3.0-i44hho/bin/g++ -DCMAKE_HAVE_LIBC_PTHREAD  -std=gnu++17 -o CMakeFiles/cmTC_aec76.dir/src.cxx.o -c /users/ishaqmem/cuda-matmul/build/CMakeFiles/CMakeTmp/src.cxx
Linking CXX executable cmTC_aec76
/appl/spack/v018/install-tree/gcc-8.5.0/cmake-3.23.1-vrdlmy/bin/cmake -E cmake_link_script CMakeFiles/cmTC_aec76.dir/link.txt --verbose=1
/appl/spack/v018/install-tree/gcc-8.5.0/gcc-11.3.0-i44hho/bin/g++ CMakeFiles/cmTC_aec76.dir/src.cxx.o -o cmTC_aec76 
/appl/spack/v018/install-tree/gcc-8.5.0/binutils-2.38-5o2cqc/bin/ld: CMakeFiles/cmTC_aec76.dir/src.cxx.o: in function `main':
src.cxx:(.text+0x2d): undefined reference to `pthread_create'
/appl/spack/v018/install-tree/gcc-8.5.0/binutils-2.38-5o2cqc/bin/ld: src.cxx:(.text+0x39): undefined reference to `pthread_detach'
/appl/spack/v018/install-tree/gcc-8.5.0/binutils-2.38-5o2cqc/bin/ld: src.cxx:(.text+0x45): undefined reference to `pthread_cancel'
/appl/spack/v018/install-tree/gcc-8.5.0/binutils-2.38-5o2cqc/bin/ld: src.cxx:(.text+0x56): undefined reference to `pthread_join'
collect2: error: ld returned 1 exit status
gmake[1]: *** [CMakeFiles/cmTC_aec76.dir/build.make:99: cmTC_aec76] Error 1
gmake[1]: Leaving directory '/users/ishaqmem/cuda-matmul/build/CMakeFiles/CMakeTmp'
gmake: *** [Makefile:127: cmTC_aec76/fast] Error 2


Source file was:
#include <pthread.h>

static void* test_func(void* data)
{
  return data;
}

int main(void)
{
  pthread_t thread;
  pthread_create(&thread, NULL, test_func, NULL);
  pthread_detach(thread);
  pthread_cancel(thread);
  pthread_join(thread, NULL);
  pthread_atfork(NULL, NULL, NULL);
  pthread_exit(NULL);

  return 0;
}

Determining if the function pthread_create exists in the pthreads failed with the following output:
Change Dir: /users/ishaqmem/cuda-matmul/build/CMakeFiles/CMakeTmp

Run Build Command(s):/usr/bin/gmake -f Makefile cmTC_14aa8/fast && /usr/bin/gmake  -f CMakeFiles/cmTC_14aa8.dir/build.make CMakeFiles/cmTC_14aa8.dir/build
gmake[1]: Entering directory '/users/ishaqmem/cuda-matmul/build/CMakeFiles/CMakeTmp'
Building CXX object CMakeFiles/cmTC_14aa8.dir/CheckFunctionExists.cxx.o
/appl/spack/v018/install-tree/gcc-8.5.0/gcc-11.3.0-i44hho/bin/g++   -DCHECK_FUNCTION_EXISTS=pthread_create -std=gnu++17 -o CMakeFiles/cmTC_14aa8.dir/CheckFunctionExists.cxx.o -c /users/ishaqmem/cuda-matmul/build/CMakeFiles/CheckLibraryExists/CheckFunctionExists.cxx
Linking CXX executable cmTC_14aa8
/appl/spack/v018/install-tree/gcc-8.5.0/cmake-3.23.1-vrdlmy/bin/cmake -E cmake_link_script CMakeFiles/cmTC_14aa8.dir/link.txt --verbose=1
/appl/spack/v018/install-tree/gcc-8.5.0/gcc-11.3.0-i44hho/bin/g++  -DCHECK_FUNCTION_EXISTS=pthread_create CMakeFiles/cmTC_14aa8.dir/CheckFunctionExists.cxx.o -o cmTC_14aa8  -lpthreads 
/appl/spack/v018/install-tree/gcc-8.5.0/binutils-2.38-5o2cqc/bin/ld: cannot find -lpthreads: No such file or directory
collect2: error: ld returned 1 exit status
gmake[1]: *** [CMakeFiles/cmTC_14aa8.dir/build.make:99: cmTC_14aa8] Error 1
gmake[1]: Leaving directory '/users/ishaqmem/cuda-matmul/build/CMakeFiles/CMakeTmp'
gmake: *** [Makefile:127: cmTC_14aa8/fast] Error 2



